   1              		.cpu cortex-m0plus
   2              		.eabi_attribute 20, 1
   3              		.eabi_attribute 21, 1
   4              		.eabi_attribute 23, 3
   5              		.eabi_attribute 24, 1
   6              		.eabi_attribute 25, 1
   7              		.eabi_attribute 26, 1
   8              		.eabi_attribute 30, 4
   9              		.eabi_attribute 34, 0
  10              		.eabi_attribute 18, 4
  11              		.file	"psoc4_write.c"
  12              		.text
  13              		.align	1
  14              		.global	psoc4_write
  15              		.arch armv6s-m
  16              		.syntax unified
  17              		.code	16
  18              		.thumb_func
  19              		.fpu softvfp
  21              	psoc4_write:
  22              		@ Volatile: function does not return.
  23              		@ args = 0, pretend = 0, frame = 32
  24              		@ frame_needed = 1, uses_anonymous_args = 0
  25 0000 F0B5     		push	{r4, r5, r6, r7, lr}
  26 0002 5B0A     		lsrs	r3, r3, #9
  27 0004 89B0     		sub	sp, sp, #36
  28 0006 00AF     		add	r7, sp, #0
  29 0008 0833     		adds	r3, r3, #8
  30 000a 7B60     		str	r3, [r7, #4]
  31 000c 9308     		lsrs	r3, r2, #2
  32 000e 0233     		adds	r3, r3, #2
  33 0010 9B00     		lsls	r3, r3, #2
  34 0012 BA61     		str	r2, [r7, #24]
  35 0014 1A00     		movs	r2, r3
  36 0016 0733     		adds	r3, r3, #7
  37 0018 DB08     		lsrs	r3, r3, #3
  38 001a 083A     		subs	r2, r2, #8
  39 001c DB00     		lsls	r3, r3, #3
  40 001e F961     		str	r1, [r7, #28]
  41 0020 BA60     		str	r2, [r7, #8]
  42 0022 3B60     		str	r3, [r7]
  43              	.L2:
  44 0024 4368     		ldr	r3, [r0, #4]
  45 0026 022B     		cmp	r3, #2
  46 0028 00D1     		bne	.L3
  47              		.syntax divided
  48              	@ 147 "psoc4_write.c" 1
  49 002a 00BE     		bkpt #0
  50              	@ 0 "" 2
  51              		.thumb
  52              		.syntax unified
  53              	.L3:
  54 002c 4368     		ldr	r3, [r0, #4]
  55 002e 002B     		cmp	r3, #0
  56 0030 F8D0     		beq	.L2
  57 0032 4368     		ldr	r3, [r0, #4]
  58 0034 012B     		cmp	r3, #1
  59 0036 F5D1     		bne	.L2
  60 0038 0300     		movs	r3, r0
  61 003a 0833     		adds	r3, r3, #8
  62 003c 9C46     		mov	ip, r3
  63 003e 5B42     		rsbs	r3, r3, #0
  64              	.L24:
  65 0040 3B61     		str	r3, [r7, #16]
  66 0042 0368     		ldr	r3, [r0]
  67 0044 002B     		cmp	r3, #0
  68 0046 01D1     		bne	.L15
  69 0048 4360     		str	r3, [r0, #4]
  70 004a EBE7     		b	.L2
  71              	.L15:
  72 004c 6C46     		mov	r4, sp
  73 004e 3A68     		ldr	r2, [r7]
  74 0050 7968     		ldr	r1, [r7, #4]
  75 0052 A31A     		subs	r3, r4, r2
  76 0054 FA69     		ldr	r2, [r7, #28]
  77 0056 9D46     		mov	sp, r3
  78 0058 9200     		lsls	r2, r2, #2
  79 005a 9208     		lsrs	r2, r2, #2
  80 005c 7A61     		str	r2, [r7, #20]
  81 005e FA69     		ldr	r2, [r7, #28]
  82 0060 BD68     		ldr	r5, [r7, #8]
  83 0062 920F     		lsrs	r2, r2, #30
  84 0064 D207     		lsls	r2, r2, #31
  85 0066 FA60     		str	r2, [r7, #12]
  86 0068 FA69     		ldr	r2, [r7, #28]
  87 006a CA40     		lsrs	r2, r2, r1
  88 006c F968     		ldr	r1, [r7, #12]
  89 006e 1206     		lsls	r2, r2, #24
  90 0070 0A43     		orrs	r2, r1
  91 0072 3349     		ldr	r1, .L27
  92 0074 0A43     		orrs	r2, r1
  93 0076 1A60     		str	r2, [r3]
  94 0078 BA69     		ldr	r2, [r7, #24]
  95 007a 3969     		ldr	r1, [r7, #16]
  96 007c 013A     		subs	r2, r2, #1
  97 007e 5A60     		str	r2, [r3, #4]
  98 0080 6246     		mov	r2, ip
  99 0082 0431     		adds	r1, r1, #4
 100 0084 5519     		adds	r5, r2, r5
 101 0086 5918     		adds	r1, r3, r1
 102              	.L6:
 103 0088 AA42     		cmp	r2, r5
 104 008a 32D1     		bne	.L7
 105 008c 2D49     		ldr	r1, .L27+4
 106 008e 2E4A     		ldr	r2, .L27+8
 107 0090 2E4D     		ldr	r5, .L27+12
 108 0092 0B60     		str	r3, [r1]
 109 0094 2A60     		str	r2, [r5]
 110              		.syntax divided
 111              	@ 69 "psoc4_write.c" 1
 112 0096 C046     		nop 
 113 0098 C046     	 nop 
 114 009a C046     	 nop 
 115              	
 116              	@ 0 "" 2
 117              		.thumb
 118              		.syntax unified
 119 009c 0A68     		ldr	r2, [r1]
 120 009e 160F     		lsrs	r6, r2, #28
 121 00a0 0A2E     		cmp	r6, #10
 122 00a2 01D0     		beq	.L8
 123 00a4 002A     		cmp	r2, #0
 124 00a6 44D1     		bne	.L9
 125              	.L8:
 126 00a8 FA69     		ldr	r2, [r7, #28]
 127 00aa 002A     		cmp	r2, #0
 128 00ac 24DA     		bge	.L10
 129 00ae 284A     		ldr	r2, .L27+16
 130 00b0 1A60     		str	r2, [r3]
 131 00b2 7A69     		ldr	r2, [r7, #20]
 132 00b4 5A60     		str	r2, [r3, #4]
 133 00b6 0B60     		str	r3, [r1]
 134 00b8 264B     		ldr	r3, .L27+20
 135              	.L26:
 136 00ba 244A     		ldr	r2, .L27+12
 137 00bc 1360     		str	r3, [r2]
 138              		.syntax divided
 139              	@ 69 "psoc4_write.c" 1
 140 00be C046     		nop 
 141 00c0 C046     	 nop 
 142 00c2 C046     	 nop 
 143              	
 144              	@ 0 "" 2
 145              		.thumb
 146              		.syntax unified
 147 00c4 0A68     		ldr	r2, [r1]
 148 00c6 A021     		movs	r1, #160
 149 00c8 130F     		lsrs	r3, r2, #28
 150 00ca 1B07     		lsls	r3, r3, #28
 151 00cc 0906     		lsls	r1, r1, #24
 152 00ce 8B42     		cmp	r3, r1
 153 00d0 2FD1     		bne	.L9
 154 00d2 A546     		mov	sp, r4
 155              	.L11:
 156 00d4 0123     		movs	r3, #1
 157 00d6 FA69     		ldr	r2, [r7, #28]
 158 00d8 D318     		adds	r3, r2, r3
 159 00da FB61     		str	r3, [r7, #28]
 160 00dc 0368     		ldr	r3, [r0]
 161 00de BA69     		ldr	r2, [r7, #24]
 162 00e0 013B     		subs	r3, r3, #1
 163 00e2 0360     		str	r3, [r0]
 164 00e4 6346     		mov	r3, ip
 165 00e6 9446     		mov	ip, r2
 166 00e8 6344     		add	r3, r3, ip
 167 00ea 9C46     		mov	ip, r3
 168 00ec 3B69     		ldr	r3, [r7, #16]
 169 00ee 9B1A     		subs	r3, r3, r2
 170 00f0 A6E7     		b	.L24
 171              	.L7:
 172 00f2 40CA     		ldmia	r2!, {r6}
 173 00f4 5650     		str	r6, [r2, r1]
 174 00f6 C7E7     		b	.L6
 175              	.L10:
 176 00f8 BE69     		ldr	r6, [r7, #24]
 177 00fa 7A69     		ldr	r2, [r7, #20]
 178 00fc 7243     		muls	r2, r6
 179 00fe BE68     		ldr	r6, [r7, #8]
 180 0100 9619     		adds	r6, r2, r6
 181              	.L12:
 182 0102 B242     		cmp	r2, r6
 183 0104 10D1     		bne	.L14
 184 0106 0626     		movs	r6, #6
 185              	.L13:
 186 0108 3200     		movs	r2, r6
 187 010a 7D69     		ldr	r5, [r7, #20]
 188 010c D332     		adds	r2, r2, #211
 189 010e 2D04     		lsls	r5, r5, #16
 190 0110 1202     		lsls	r2, r2, #8
 191 0112 2A43     		orrs	r2, r5
 192 0114 FD68     		ldr	r5, [r7, #12]
 193 0116 2A43     		orrs	r2, r5
 194 0118 B625     		movs	r5, #182
 195 011a 2A43     		orrs	r2, r5
 196 011c 1A60     		str	r2, [r3]
 197 011e 0B60     		str	r3, [r1]
 198 0120 8023     		movs	r3, #128
 199 0122 1B06     		lsls	r3, r3, #24
 200 0124 3343     		orrs	r3, r6
 201 0126 C8E7     		b	.L26
 202              	.L14:
 203 0128 20CA     		ldmia	r2!, {r5}
 204 012a 002D     		cmp	r5, #0
 205 012c E9D0     		beq	.L12
 206 012e 0526     		movs	r6, #5
 207 0130 EAE7     		b	.L13
 208              	.L9:
 209 0132 A546     		mov	sp, r4
 210 0134 002A     		cmp	r2, #0
 211 0136 CDD0     		beq	.L11
 212 0138 4260     		str	r2, [r0, #4]
 213              		.syntax divided
 214              	@ 162 "psoc4_write.c" 1
 215 013a 00BE     		bkpt #0
 216              	@ 0 "" 2
 217              		.thumb
 218              		.syntax unified
 219 013c CAE7     		b	.L11
 220              	.L28:
 221 013e C046     		.align	2
 222              	.L27:
 223 0140 B6D70000 		.word	55222
 224 0144 08001040 		.word	1074790408
 225 0148 04000080 		.word	-2147483644
 226 014c 04001040 		.word	1074790404
 227 0150 B6EB0000 		.word	60342
 228 0154 18000080 		.word	-2147483624
 230              		.ident	"GCC: (bleeding-edge-toolchain) 10.2.0"
