   1              		.cpu cortex-m0plus
   2              		.eabi_attribute 20, 1
   3              		.eabi_attribute 21, 1
   4              		.eabi_attribute 23, 3
   5              		.eabi_attribute 24, 1
   6              		.eabi_attribute 25, 1
   7              		.eabi_attribute 26, 1
   8              		.eabi_attribute 30, 4
   9              		.eabi_attribute 34, 0
  10              		.eabi_attribute 18, 4
  11              		.file	"psoc4hv_write.c"
  12              		.text
  13              		.align	1
  14              		.global	psoc4hv_write
  15              		.arch armv6s-m
  16              		.syntax unified
  17              		.code	16
  18              		.thumb_func
  19              		.fpu softvfp
  21              	psoc4hv_write:
  22              		@ Volatile: function does not return.
  23              		@ args = 0, pretend = 0, frame = 0
  24              		@ frame_needed = 0, uses_anonymous_args = 0
  25 0000 F0B5     		push	{r4, r5, r6, r7, lr}
  26              	.L2:
  27 0002 C368     		ldr	r3, [r0, #12]
  28 0004 002B     		cmp	r3, #0
  29 0006 FCD0     		beq	.L2
  30 0008 0300     		movs	r3, r0
  31 000a 0025     		movs	r5, #0
  32 000c 1033     		adds	r3, r3, #16
  33              	.L3:
  34 000e C268     		ldr	r2, [r0, #12]
  35 0010 AA42     		cmp	r2, r5
  36 0012 02D8     		bhi	.L10
  37 0014 0023     		movs	r3, #0
  38 0016 C360     		str	r3, [r0, #12]
  39 0018 F3E7     		b	.L2
  40              	.L10:
  41 001a 1A68     		ldr	r2, [r3]
  42 001c 5C68     		ldr	r4, [r3, #4]
  43 001e 160C     		lsrs	r6, r2, #16
  44 0020 3604     		lsls	r6, r6, #16
  45 0022 B446     		mov	ip, r6
  46 0024 6746     		mov	r7, ip
  47 0026 2A4E     		ldr	r6, .L16
  48 0028 3E43     		orrs	r6, r7
  49 002a 1E60     		str	r6, [r3]
  50 002c FF26     		movs	r6, #255
  51 002e 3240     		ands	r2, r6
  52 0030 5A60     		str	r2, [r3, #4]
  53 0032 4268     		ldr	r2, [r0, #4]
  54 0034 274E     		ldr	r6, .L16+4
  55 0036 1360     		str	r3, [r2]
  56 0038 0268     		ldr	r2, [r0]
  57 003a 1660     		str	r6, [r2]
  58              		.syntax divided
  59              	@ 103 "psoc4hv_write.c" 1
  60 003c C046     		nop 
  61 003e C046     	 nop 
  62              	
  63              	@ 0 "" 2
  64              		.thumb
  65              		.syntax unified
  66 0040 A027     		movs	r7, #160
  67 0042 4268     		ldr	r2, [r0, #4]
  68 0044 3F06     		lsls	r7, r7, #24
  69 0046 1668     		ldr	r6, [r2]
  70 0048 320F     		lsrs	r2, r6, #28
  71 004a 1207     		lsls	r2, r2, #28
  72 004c BA42     		cmp	r2, r7
  73 004e 01D0     		beq	.L4
  74 0050 C660     		str	r6, [r0, #12]
  75              		.syntax divided
  76              	@ 107 "psoc4hv_write.c" 1
  77 0052 00BE     		bkpt #0
  78              	@ 0 "" 2
  79              		.thumb
  80              		.syntax unified
  81              	.L4:
  82 0054 0E00     		movs	r6, r1
  83 0056 8268     		ldr	r2, [r0, #8]
  84 0058 9208     		lsrs	r2, r2, #2
  85 005a 9200     		lsls	r2, r2, #2
  86 005c 8A18     		adds	r2, r1, r2
  87              	.L5:
  88 005e 9642     		cmp	r6, r2
  89 0060 31D1     		bne	.L7
  90 0062 0122     		movs	r2, #1
  91              	.L6:
  92 0064 8027     		movs	r7, #128
  93 0066 260C     		lsrs	r6, r4, #16
  94 0068 3604     		lsls	r6, r6, #16
  95 006a 7F00     		lsls	r7, r7, #1
  96 006c B446     		mov	ip, r6
  97 006e 1826     		movs	r6, #24
  98 0070 3C42     		tst	r4, r7
  99 0072 00D1     		bne	.L8
 100 0074 561D     		adds	r6, r2, #5
 101              	.L8:
 102 0076 3200     		movs	r2, r6
 103 0078 6746     		mov	r7, ip
 104 007a 2D3A     		subs	r2, r2, #45
 105 007c D2B2     		uxtb	r2, r2
 106 007e 1202     		lsls	r2, r2, #8
 107 0080 3A43     		orrs	r2, r7
 108 0082 B627     		movs	r7, #182
 109 0084 3A43     		orrs	r2, r7
 110 0086 1A60     		str	r2, [r3]
 111 0088 FF22     		movs	r2, #255
 112 008a 1440     		ands	r4, r2
 113 008c 4268     		ldr	r2, [r0, #4]
 114 008e 5C60     		str	r4, [r3, #4]
 115 0090 1360     		str	r3, [r2]
 116 0092 8022     		movs	r2, #128
 117 0094 0468     		ldr	r4, [r0]
 118 0096 1206     		lsls	r2, r2, #24
 119 0098 3243     		orrs	r2, r6
 120 009a 2260     		str	r2, [r4]
 121              		.syntax divided
 122              	@ 103 "psoc4hv_write.c" 1
 123 009c C046     		nop 
 124 009e C046     	 nop 
 125              	
 126              	@ 0 "" 2
 127              		.thumb
 128              		.syntax unified
 129 00a0 A026     		movs	r6, #160
 130 00a2 4268     		ldr	r2, [r0, #4]
 131 00a4 3606     		lsls	r6, r6, #24
 132 00a6 1468     		ldr	r4, [r2]
 133 00a8 220F     		lsrs	r2, r4, #28
 134 00aa 1207     		lsls	r2, r2, #28
 135 00ac B242     		cmp	r2, r6
 136 00ae 01D0     		beq	.L9
 137 00b0 C460     		str	r4, [r0, #12]
 138              		.syntax divided
 139              	@ 107 "psoc4hv_write.c" 1
 140 00b2 00BE     		bkpt #0
 141              	@ 0 "" 2
 142              		.thumb
 143              		.syntax unified
 144              	.L9:
 145 00b4 0324     		movs	r4, #3
 146 00b6 8268     		ldr	r2, [r0, #8]
 147 00b8 0135     		adds	r5, r5, #1
 148 00ba 0832     		adds	r2, r2, #8
 149 00bc 9B18     		adds	r3, r3, r2
 150 00be 8268     		ldr	r2, [r0, #8]
 151 00c0 A243     		bics	r2, r4
 152 00c2 8918     		adds	r1, r1, r2
 153 00c4 A3E7     		b	.L3
 154              	.L7:
 155 00c6 80CE     		ldmia	r6!, {r7}
 156 00c8 002F     		cmp	r7, #0
 157 00ca C8D0     		beq	.L5
 158 00cc 0022     		movs	r2, #0
 159 00ce C9E7     		b	.L6
 160              	.L17:
 161              		.align	2
 162              	.L16:
 163 00d0 B6D70000 		.word	55222
 164 00d4 04000080 		.word	-2147483644
 166              		.ident	"GCC: (bleeding-edge-toolchain) 11.2.0"
