   1              		.cpu cortex-m0plus
   2              		.eabi_attribute 20, 1
   3              		.eabi_attribute 21, 1
   4              		.eabi_attribute 23, 3
   5              		.eabi_attribute 24, 1
   6              		.eabi_attribute 25, 1
   7              		.eabi_attribute 26, 1
   8              		.eabi_attribute 30, 4
   9              		.eabi_attribute 34, 0
  10              		.eabi_attribute 18, 4
  11              		.file	"psoc6_write.c"
  12              		.text
  13              		.align	1
  14              		.global	write
  15              		.arch armv6s-m
  16              		.syntax unified
  17              		.code	16
  18              		.thumb_func
  19              		.fpu softvfp
  21              	write:
  22              		@ Volatile: function does not return.
  23              		@ args = 0, pretend = 0, frame = 24
  24              		@ frame_needed = 0, uses_anonymous_args = 0
  25 0000 F0B5     		push	{r4, r5, r6, r7, lr}
  26 0002 87B0     		sub	sp, sp, #28
  27 0004 0191     		str	r1, [sp, #4]
  28              		.syntax divided
  29              	@ 110 "psoc6_write.c" 1
  30 0006 62B6     		cpsie i
  31              	@ 0 "" 2
  32              		.thumb
  33              		.syntax unified
  34 0008 110E     		lsrs	r1, r2, #24
  35 000a 1429     		cmp	r1, #20
  36 000c 2FD1     		bne	.L16
  37 000e 3849     		ldr	r1, .L24
  38 0010 0424     		movs	r4, #4
  39 0012 0968     		ldr	r1, [r1]
  40 0014 090F     		lsrs	r1, r1, #28
  41 0016 0129     		cmp	r1, #1
  42 0018 04D9     		bls	.L2
  43 001a 3649     		ldr	r1, .L24+4
  44 001c 0968     		ldr	r1, [r1]
  45 001e 89B2     		uxth	r1, r1
  46 0020 BA29     		cmp	r1, #186
  47 0022 24D8     		bhi	.L16
  48              	.L2:
  49 0024 8021     		movs	r1, #128
  50 0026 0025     		movs	r5, #0
  51 0028 0906     		lsls	r1, r1, #24
  52              	.L3:
  53 002a 4908     		lsrs	r1, r1, #1
  54 002c 0135     		adds	r5, r5, #1
  55 002e 0C42     		tst	r4, r1
  56 0030 FBD0     		beq	.L3
  57 0032 1F21     		movs	r1, #31
  58 0034 491B     		subs	r1, r1, r5
  59 0036 8025     		movs	r5, #128
  60 0038 F026     		movs	r6, #240
  61 003a 6D00     		lsls	r5, r5, #1
  62 003c 0D43     		orrs	r5, r1
  63 003e 2E49     		ldr	r1, .L24+8
  64 0040 3601     		lsls	r6, r6, #4
  65 0042 0968     		ldr	r1, [r1]
  66 0044 2D4F     		ldr	r7, .L24+12
  67 0046 3140     		ands	r1, r6
  68 0048 4E1E     		subs	r6, r1, #1
  69 004a B141     		sbcs	r1, r1, r6
  70 004c 0126     		movs	r6, #1
  71 004e 1031     		adds	r1, r1, #16
  72 0050 8E40     		lsls	r6, r6, r1
  73 0052 0095     		str	r5, [sp]
  74 0054 3D68     		ldr	r5, [r7]
  75 0056 2E42     		tst	r6, r5
  76 0058 01D1     		bne	.L4
  77 005a 3543     		orrs	r5, r6
  78 005c 3D60     		str	r5, [r7]
  79              	.L4:
  80 005e F021     		movs	r1, #240
  81 0060 0901     		lsls	r1, r1, #4
  82 0062 8C46     		mov	ip, r1
  83 0064 0125     		movs	r5, #1
  84              	.L5:
  85 0066 002B     		cmp	r3, #0
  86 0068 04D1     		bne	.L6
  87              	.L13:
  88              		.syntax divided
  89              	@ 144 "psoc6_write.c" 1
  90 006a 00BE     		bkpt 0
  91              	@ 0 "" 2
  92              		.thumb
  93              		.syntax unified
  94 006c FDE7     		b	.L13
  95              	.L16:
  96 006e 8024     		movs	r4, #128
  97 0070 A400     		lsls	r4, r4, #2
  98 0072 D7E7     		b	.L2
  99              	.L6:
 100 0074 4768     		ldr	r7, [r0, #4]
 101 0076 0168     		ldr	r1, [r0]
 102 0078 8F42     		cmp	r7, r1
 103 007a FBD0     		beq	.L6
 104 007c A026     		movs	r6, #160
 105 007e 110E     		lsrs	r1, r2, #24
 106 0080 4768     		ldr	r7, [r0, #4]
 107 0082 0906     		lsls	r1, r1, #24
 108 0084 7605     		lsls	r6, r6, #21
 109 0086 B142     		cmp	r1, r6
 110 0088 2FD1     		bne	.L7
 111 008a 8126     		movs	r6, #129
 112 008c 0099     		ldr	r1, [sp]
 113 008e 7600     		lsls	r6, r6, #1
 114 0090 B142     		cmp	r1, r6
 115 0092 2AD0     		beq	.L7
 116 0094 1A49     		ldr	r1, .L24+16
 117              	.L23:
 118 0096 6646     		mov	r6, ip
 119 0098 0291     		str	r1, [sp, #8]
 120 009a 0099     		ldr	r1, [sp]
 121 009c 0391     		str	r1, [sp, #12]
 122 009e 1649     		ldr	r1, .L24+8
 123 00a0 0492     		str	r2, [sp, #16]
 124 00a2 0597     		str	r7, [sp, #20]
 125 00a4 0968     		ldr	r1, [r1]
 126 00a6 3140     		ands	r1, r6
 127 00a8 4F1E     		subs	r7, r1, #1
 128 00aa B941     		sbcs	r1, r1, r7
 129 00ac 154E     		ldr	r6, .L24+20
 130 00ae 8919     		adds	r1, r1, r6
 131 00b0 4901     		lsls	r1, r1, #5
 132              	.L9:
 133 00b2 0F68     		ldr	r7, [r1]
 134 00b4 002F     		cmp	r7, #0
 135 00b6 FCDA     		bge	.L9
 136 00b8 02AE     		add	r6, sp, #8
 137 00ba CE60     		str	r6, [r1, #12]
 138 00bc 8D60     		str	r5, [r1, #8]
 139              	.L10:
 140 00be CF69     		ldr	r7, [r1, #28]
 141 00c0 002F     		cmp	r7, #0
 142 00c2 FCDB     		blt	.L10
 143 00c4 0299     		ldr	r1, [sp, #8]
 144 00c6 0F0F     		lsrs	r7, r1, #28
 145 00c8 0A2F     		cmp	r7, #10
 146 00ca 03D0     		beq	.L11
 147 00cc 0027     		movs	r7, #0
 148 00ce 4760     		str	r7, [r0, #4]
 149              		.syntax divided
 150              	@ 127 "psoc6_write.c" 1
 151 00d0 081C     		mov r0, r1
 152 00d2 00BE     		bkpt 0
 153              	@ 0 "" 2
 154              		.thumb
 155              		.syntax unified
 156              	.L11:
 157 00d4 4168     		ldr	r1, [r0, #4]
 158 00d6 019E     		ldr	r6, [sp, #4]
 159 00d8 0919     		adds	r1, r1, r4
 160 00da 1219     		adds	r2, r2, r4
 161 00dc B142     		cmp	r1, r6
 162 00de 01D3     		bcc	.L12
 163 00e0 0100     		movs	r1, r0
 164 00e2 0831     		adds	r1, r1, #8
 165              	.L12:
 166 00e4 4160     		str	r1, [r0, #4]
 167 00e6 013B     		subs	r3, r3, #1
 168 00e8 BDE7     		b	.L5
 169              	.L7:
 170 00ea 0749     		ldr	r1, .L24+24
 171 00ec D3E7     		b	.L23
 172              	.L25:
 173 00ee C046     		.align	2
 174              	.L24:
 175 00f0 04200017 		.word	385884164
 176 00f4 18200017 		.word	385884184
 177 00f8 00002040 		.word	1075838976
 178 00fc 08102240 		.word	1075974152
 179 0100 00010030 		.word	805306624
 180 0104 00100102 		.word	33624064
 181 0108 00010006 		.word	100663552
 183              		.ident	"GCC: (bleeding-edge-toolchain) 11.2.0"
